C:\USERS\MATTH\DOCUMENTS\VISUAL STUDIO 2012\PROJECTS\API HOOKING\API HOOKING\DEBUG\MAIN.OBJ
C:\USERS\MATTH\DOCUMENTS\VISUAL STUDIO 2012\PROJECTS\API HOOKING\API HOOKING\DEBUG\VC110.PDB
C:\HACKS\HOOK.ILK
C:\HACKS\HOOK.DLL
C:\HACKS\HOOK.PDB
c:\Users\Matth\documents\visual studio 2012\Projects\Api Hooking\Api Hooking\Debug\main.obj
c:\Users\Matth\documents\visual studio 2012\Projects\Api Hooking\Api Hooking\Debug\cl.command.1.tlog
c:\Users\Matth\documents\visual studio 2012\Projects\Api Hooking\Api Hooking\Debug\CL.read.1.tlog
c:\Users\Matth\documents\visual studio 2012\Projects\Api Hooking\Api Hooking\Debug\CL.write.1.tlog
c:\Users\Matth\documents\visual studio 2012\Projects\Api Hooking\Api Hooking\Debug\link-cvtres.read.1.tlog
c:\Users\Matth\documents\visual studio 2012\Projects\Api Hooking\Api Hooking\Debug\link-cvtres.write.1.tlog
c:\Users\Matth\documents\visual studio 2012\Projects\Api Hooking\Api Hooking\Debug\link-rc.read.1.tlog
c:\Users\Matth\documents\visual studio 2012\Projects\Api Hooking\Api Hooking\Debug\link-rc.write.1.tlog
c:\Users\Matth\documents\visual studio 2012\Projects\Api Hooking\Api Hooking\Debug\link.command.1.tlog
c:\Users\Matth\documents\visual studio 2012\Projects\Api Hooking\Api Hooking\Debug\link.read.1.tlog
c:\Users\Matth\documents\visual studio 2012\Projects\Api Hooking\Api Hooking\Debug\link.write.1.tlog
c:\Users\Matth\documents\visual studio 2012\Projects\Api Hooking\Api Hooking\Debug\vc110.idb
c:\Users\Matth\documents\visual studio 2012\Projects\Api Hooking\Api Hooking\Debug\vc110.pdb
C:/HACKS/hook.pdb
C:/HACKS/hook.dll
C:/HACKS/hook.ilk
